\BOOKMARK [0][-]{chapter*.6}{Kurzfassung}{}% 1
\BOOKMARK [0][-]{chapter*.8}{Abstract}{}% 2
\BOOKMARK [0][-]{section*.10}{Contents}{}% 3
\BOOKMARK [0][-]{chapter.1}{Introduction}{}% 4
\BOOKMARK [0][-]{chapter.2}{Additional Chapter}{}% 5
\BOOKMARK [0][-]{chapter.3}{Introduction to LaTeX}{}% 6
\BOOKMARK [1][-]{section.3.1}{Installation}{chapter.3}% 7
\BOOKMARK [1][-]{section.3.2}{Editors}{chapter.3}% 8
\BOOKMARK [1][-]{section.3.3}{Compilation}{chapter.3}% 9
\BOOKMARK [1][-]{section.3.4}{Basic Functionality}{chapter.3}% 10
\BOOKMARK [1][-]{section.3.5}{Bibliography}{chapter.3}% 11
\BOOKMARK [1][-]{section.3.6}{Table of Contents}{chapter.3}% 12
\BOOKMARK [1][-]{section.3.7}{Acronyms / Glossary / Index}{chapter.3}% 13
\BOOKMARK [1][-]{section.3.8}{Tips}{chapter.3}% 14
\BOOKMARK [1][-]{section.3.9}{Resources}{chapter.3}% 15
\BOOKMARK [0][-]{section*.19}{List of Figures}{}% 16
\BOOKMARK [0][-]{section*.20}{List of Tables}{}% 17
\BOOKMARK [0][-]{chapter*.21}{List of Algorithms}{}% 18
\BOOKMARK [0][-]{section*.22}{Index}{}% 19
\BOOKMARK [0][-]{section*.23}{Glossary}{}% 20
\BOOKMARK [0][-]{section*.25}{Acronyms}{}% 21
\BOOKMARK [0][-]{chapter*.27}{Bibliography}{}% 22
